# JRE version: OpenJDK Runtime Environment (17.0.7) (build 17.0.7+0-b2043.56-10550314)
# Java VM: OpenJDK 64-Bit Server VM (17.0.7+0-b2043.56-10550314, mixed mode, tiered, compressed oops, compressed class ptrs, g1 gc, windows-amd64)
GC Precious Log:
 CPUs: 12 total, 12 available
 Memory: 7971M
 Large Page Support: Disabled
 NUMA Support: Disabled
 Compressed Oops: Enabled (32-bit)
 Heap Region Size: 1M
 Heap Min Capacity: 8M
 Heap Initial Capacity: 126M
 Heap Max Capacity: 2G
 Pre-touch: Disabled
 Parallel Workers: 10
 Concurrent Workers: 3
 Concurrent Refinement Workers: 10
 Periodic GC: Disabled
Heap:
 garbage-first heap   total 481280K, used 160660K [0x0000000080000000, 0x0000000100000000)
  region size 1024K, 9 young (9216K), 9 survivors (9216K)
 Metaspace       used 141584K, committed 142848K, reserved 1179648K
  class space    used 19288K, committed 19904K, reserved 1048576K
GC Heap History (20 events):
Event: 2788.413 GC heap after
{Heap after GC invocations=85 (full 0):
 garbage-first heap   total 481280K, used 127264K [0x0000000080000000, 0x0000000100000000)
  region size 1024K, 3 young (3072K), 3 survivors (3072K)
 Metaspace       used 140282K, committed 141184K, reserved 1179648K
  class space    used 19101K, committed 19584K, reserved 1048576K
}
Event: 2788.485 GC heap before
{Heap before GC invocations=85 (full 0):
 garbage-first heap   total 481280K, used 152864K [0x0000000080000000, 0x0000000100000000)
  region size 1024K, 30 young (30720K), 3 survivors (3072K)
 Metaspace       used 140295K, committed 141248K, reserved 1179648K
  class space    used 19101K, committed 19584K, reserved 1048576K
}
Event: 2788.493 GC heap after
{Heap after GC invocations=86 (full 0):
 garbage-first heap   total 481280K, used 141954K [0x0000000080000000, 0x0000000100000000)
  region size 1024K, 18 young (18432K), 18 survivors (18432K)
 Metaspace       used 140295K, committed 141248K, reserved 1179648K
  class space    used 19101K, committed 19584K, reserved 1048576K
}
Event: 2841.310 GC heap before
{Heap before GC invocations=87 (full 0):
 garbage-first heap   total 481280K, used 307842K [0x0000000080000000, 0x0000000100000000)
  region size 1024K, 150 young (153600K), 18 survivors (18432K)
 Metaspace       used 140496K, committed 141440K, reserved 1179648K
  class space    used 19106K, committed 19584K, reserved 1048576K
}
Event: 2841.375 GC heap after
{Heap after GC invocations=88 (full 0):
 garbage-first heap   total 481280K, used 157098K [0x0000000080000000, 0x0000000100000000)
  region size 1024K, 19 young (19456K), 19 survivors (19456K)
 Metaspace       used 140496K, committed 141440K, reserved 1179648K
  class space    used 19106K, committed 19584K, reserved 1048576K
}
Event: 2841.380 GC heap before
{Heap before GC invocations=88 (full 0):
 garbage-first heap   total 481280K, used 161194K [0x0000000080000000, 0x0000000100000000)
  region size 1024K, 23 young (23552K), 19 survivors (19456K)
 Metaspace       used 140500K, committed 141440K, reserved 1179648K
  class space    used 19106K, committed 19584K, reserved 1048576K
}
Event: 2841.409 GC heap after
{Heap after GC invocations=89 (full 0):
 garbage-first heap   total 481280K, used 152371K [0x0000000080000000, 0x0000000100000000)
  region size 1024K, 3 young (3072K), 3 survivors (3072K)
 Metaspace       used 140500K, committed 141440K, reserved 1179648K
  class space    used 19106K, committed 19584K, reserved 1048576K
}
Event: 2841.471 GC heap before
{Heap before GC invocations=89 (full 0):
 garbage-first heap   total 481280K, used 170803K [0x0000000080000000, 0x0000000100000000)
  region size 1024K, 22 young (22528K), 3 survivors (3072K)
 Metaspace       used 140505K, committed 141440K, reserved 1179648K
  class space    used 19106K, committed 19584K, reserved 1048576K
}
Event: 2841.482 GC heap after
{Heap after GC invocations=90 (full 0):
 garbage-first heap   total 481280K, used 160004K [0x0000000080000000, 0x0000000100000000)
  region size 1024K, 11 young (11264K), 11 survivors (11264K)
 Metaspace       used 140505K, committed 141440K, reserved 1179648K
  class space    used 19106K, committed 19584K, reserved 1048576K
}
Event: 2878.582 GC heap before
{Heap before GC invocations=91 (full 0):
 garbage-first heap   total 481280K, used 332036K [0x0000000080000000, 0x0000000100000000)
  region size 1024K, 155 young (158720K), 11 survivors (11264K)
 Metaspace       used 140985K, committed 142080K, reserved 1179648K
  class space    used 19167K, committed 19712K, reserved 1048576K
}
Event: 2878.615 GC heap after
{Heap after GC invocations=92 (full 0):
 garbage-first heap   total 481280K, used 172032K [0x0000000080000000, 0x0000000100000000)
  region size 1024K, 20 young (20480K), 20 survivors (20480K)
 Metaspace       used 140985K, committed 142080K, reserved 1179648K
  class space    used 19167K, committed 19712K, reserved 1048576K
}
Event: 2878.629 GC heap before
{Heap before GC invocations=92 (full 0):
 garbage-first heap   total 481280K, used 175104K [0x0000000080000000, 0x0000000100000000)
  region size 1024K, 23 young (23552K), 20 survivors (20480K)
 Metaspace       used 140986K, committed 142080K, reserved 1179648K
  class space    used 19167K, committed 19712K, reserved 1048576K
}
Event: 2878.653 GC heap after
{Heap after GC invocations=93 (full 0):
 garbage-first heap   total 481280K, used 154855K [0x0000000080000000, 0x0000000100000000)
  region size 1024K, 3 young (3072K), 3 survivors (3072K)
 Metaspace       used 140986K, committed 142080K, reserved 1179648K
  class space    used 19167K, committed 19712K, reserved 1048576K
}
Event: 2878.691 GC heap before
{Heap before GC invocations=93 (full 0):
 garbage-first heap   total 481280K, used 164071K [0x0000000080000000, 0x0000000100000000)
  region size 1024K, 13 young (13312K), 3 survivors (3072K)
 Metaspace       used 140987K, committed 142080K, reserved 1179648K
  class space    used 19167K, committed 19712K, reserved 1048576K
}
Event: 2878.697 GC heap after
{Heap after GC invocations=94 (full 0):
 garbage-first heap   total 481280K, used 161096K [0x0000000080000000, 0x0000000100000000)
  region size 1024K, 9 young (9216K), 9 survivors (9216K)
 Metaspace       used 140987K, committed 142080K, reserved 1179648K
  class space    used 19167K, committed 19712K, reserved 1048576K
}
Event: 2893.988 GC heap before
{Heap before GC invocations=95 (full 0):
 garbage-first heap   total 481280K, used 336200K [0x0000000080000000, 0x0000000100000000)
  region size 1024K, 157 young (160768K), 9 survivors (9216K)
 Metaspace       used 141584K, committed 142848K, reserved 1179648K
  class space    used 19288K, committed 19904K, reserved 1048576K
}
Event: 2894.005 GC heap after
{Heap after GC invocations=96 (full 0):
 garbage-first heap   total 481280K, used 171709K [0x0000000080000000, 0x0000000100000000)
  region size 1024K, 20 young (20480K), 20 survivors (20480K)
 Metaspace       used 141584K, committed 142848K, reserved 1179648K
  class space    used 19288K, committed 19904K, reserved 1048576K
}
Event: 2894.016 GC heap before
{Heap before GC invocations=96 (full 0):
 garbage-first heap   total 481280K, used 174781K [0x0000000080000000, 0x0000000100000000)
  region size 1024K, 23 young (23552K), 20 survivors (20480K)
 Metaspace       used 141584K, committed 142848K, reserved 1179648K
  class space    used 19288K, committed 19904K, reserved 1048576K
}
Event: 2894.031 GC heap after
{Heap after GC invocations=97 (full 0):
 garbage-first heap   total 481280K, used 154947K [0x0000000080000000, 0x0000000100000000)
  region size 1024K, 3 young (3072K), 3 survivors (3072K)
 Metaspace       used 141584K, committed 142848K, reserved 1179648K
  class space    used 19288K, committed 19904K, reserved 1048576K
}
Event: 2894.041 GC heap before
{Heap before GC invocations=97 (full 0):
 garbage-first heap   total 481280K, used 161091K [0x0000000080000000, 0x0000000100000000)
  region size 1024K, 10 young (10240K), 3 survivors (3072K)
 Metaspace       used 141584K, committed 142848K, reserved 1179648K
  class space    used 19288K, committed 19904K, reserved 1048576K
}

